2025-09-04 16:26:25 [main] INFO  c.m.d.t.t.k.s.TwitterToKafkaServiceApplication - Starting TwitterToKafkaServiceApplication on LDCC-BZ8R3G3 with PID 4708 (D:\Phu\PhuObs\udemy\Event-Driven-Microservices-Spring-Boot,-Kafka-and-Elastic\microservices-demo\twitter-to-kafka-service\target\classes started by Admin in D:\Phu\PhuObs\udemy\Event-Driven-Microservices-Spring-Boot,-Kafka-and-Elastic\microservices-demo)
2025-09-04 16:26:25 [main] INFO  c.m.d.t.t.k.s.TwitterToKafkaServiceApplication - No active profile set, falling back to default profiles: default
2025-09-04 16:26:25 [main] INFO  c.m.d.t.t.k.s.TwitterToKafkaServiceApplication - Started TwitterToKafkaServiceApplication in 0.96 seconds (JVM running for 1.87)
2025-09-04 16:26:25 [main] INFO  c.m.d.t.t.k.s.TwitterToKafkaServiceApplication - App starts...
2025-09-04 16:26:25 [main] INFO  c.m.d.t.t.k.s.TwitterToKafkaServiceApplication - [Java, Microservices, Kafka, Elasticsearch]
2025-09-04 16:26:25 [main] INFO  c.m.d.t.t.k.s.TwitterToKafkaServiceApplication - Hello microservices!
2025-09-04 16:26:25 [Twitter Stream consumer /  [1][initializing]] INFO  twitter4j.TwitterStreamImpl - Establishing connection.
2025-09-04 16:26:25 [main] INFO  c.m.d.t.t.k.s.r.i.TwitterKafkaStreamRunner - Started filtering twitter stream for keywords [Java, Microservices, Kafka, Elasticsearch]
2025-09-04 16:26:26 [Twitter Stream consumer /  [1][Establishing connection]] INFO  twitter4j.TwitterStreamImpl - https://stream.twitter.com/1.1/statuses/filter.json
2025-09-04 16:26:26 [Twitter Stream consumer /  [1][Establishing connection]] INFO  twitter4j.TwitterStreamImpl - Waiting for 250 milliseconds
2025-09-04 16:26:26 [Twitter Stream consumer /  [1][Waiting for 250 milliseconds]] INFO  twitter4j.TwitterStreamImpl - Establishing connection.
2025-09-04 16:26:26 [Twitter Stream consumer /  [1][Establishing connection]] INFO  twitter4j.TwitterStreamImpl - https://stream.twitter.com/1.1/statuses/filter.json
2025-09-04 16:26:26 [Twitter Stream consumer /  [1][Establishing connection]] INFO  twitter4j.TwitterStreamImpl - Waiting for 500 milliseconds
2025-09-04 16:26:27 [Twitter Stream consumer /  [1][Waiting for 500 milliseconds]] INFO  twitter4j.TwitterStreamImpl - Establishing connection.
2025-09-04 16:26:27 [Twitter Stream consumer /  [1][Establishing connection]] INFO  twitter4j.TwitterStreamImpl - https://stream.twitter.com/1.1/statuses/filter.json
2025-09-04 16:26:27 [Twitter Stream consumer /  [1][Establishing connection]] INFO  twitter4j.TwitterStreamImpl - Waiting for 1000 milliseconds
2025-09-04 16:26:28 [Twitter Stream consumer /  [1][Waiting for 1000 milliseconds]] INFO  twitter4j.TwitterStreamImpl - Establishing connection.
2025-09-04 16:26:29 [Twitter Stream consumer /  [1][Establishing connection]] INFO  twitter4j.TwitterStreamImpl - https://stream.twitter.com/1.1/statuses/filter.json
2025-09-04 16:26:29 [Twitter Stream consumer /  [1][Establishing connection]] INFO  twitter4j.TwitterStreamImpl - Waiting for 2000 milliseconds
2025-09-04 16:26:31 [Twitter Stream consumer /  [1][Waiting for 2000 milliseconds]] INFO  twitter4j.TwitterStreamImpl - Establishing connection.
2025-09-04 16:26:31 [Twitter Stream consumer /  [1][Establishing connection]] INFO  twitter4j.TwitterStreamImpl - https://stream.twitter.com/1.1/statuses/filter.json
2025-09-04 16:26:31 [Twitter Stream consumer /  [1][Establishing connection]] INFO  twitter4j.TwitterStreamImpl - Waiting for 4000 milliseconds
2025-09-04 16:26:35 [Twitter Stream consumer /  [1][Waiting for 4000 milliseconds]] INFO  twitter4j.TwitterStreamImpl - Establishing connection.
2025-09-04 16:26:35 [Twitter Stream consumer /  [1][Establishing connection]] INFO  twitter4j.TwitterStreamImpl - https://stream.twitter.com/1.1/statuses/filter.json
2025-09-04 16:26:35 [Twitter Stream consumer /  [1][Establishing connection]] INFO  twitter4j.TwitterStreamImpl - Waiting for 8000 milliseconds
2025-09-04 16:26:43 [Twitter Stream consumer /  [1][Waiting for 8000 milliseconds]] INFO  twitter4j.TwitterStreamImpl - Establishing connection.
2025-09-04 16:26:43 [Twitter Stream consumer /  [1][Establishing connection]] INFO  twitter4j.TwitterStreamImpl - https://stream.twitter.com/1.1/statuses/filter.json
2025-09-04 16:26:43 [Twitter Stream consumer /  [1][Establishing connection]] INFO  twitter4j.TwitterStreamImpl - Waiting for 16000 milliseconds
2025-09-04 16:26:59 [Twitter Stream consumer /  [1][Waiting for 16000 milliseconds]] INFO  twitter4j.TwitterStreamImpl - Establishing connection.
2025-09-04 16:27:00 [Twitter Stream consumer /  [1][Establishing connection]] INFO  twitter4j.TwitterStreamImpl - https://stream.twitter.com/1.1/statuses/filter.json
2025-09-04 16:27:00 [Twitter Stream consumer /  [1][Establishing connection]] INFO  twitter4j.TwitterStreamImpl - Waiting for 16000 milliseconds
2025-09-04 16:27:05 [SpringContextShutdownHook] INFO  c.m.d.t.t.k.s.r.i.TwitterKafkaStreamRunner - Closing twitter stream!
2025-09-04 16:29:38 [main] INFO  c.m.d.t.t.k.s.TwitterToKafkaServiceApplication - Starting TwitterToKafkaServiceApplication on LDCC-BZ8R3G3 with PID 19712 (D:\Phu\PhuObs\udemy\Event-Driven-Microservices-Spring-Boot,-Kafka-and-Elastic\microservices-demo\twitter-to-kafka-service\target\classes started by Admin in D:\Phu\PhuObs\udemy\Event-Driven-Microservices-Spring-Boot,-Kafka-and-Elastic\microservices-demo)
2025-09-04 16:29:38 [main] INFO  c.m.d.t.t.k.s.TwitterToKafkaServiceApplication - No active profile set, falling back to default profiles: default
2025-09-04 16:29:38 [main] INFO  c.m.d.t.t.k.s.TwitterToKafkaServiceApplication - Started TwitterToKafkaServiceApplication in 0.678 seconds (JVM running for 1.228)
2025-09-04 16:29:38 [main] INFO  c.m.d.t.t.k.s.TwitterToKafkaServiceApplication - App starts...
2025-09-04 16:29:38 [main] INFO  c.m.d.t.t.k.s.TwitterToKafkaServiceApplication - [Java, Microservices, Kafka, Elasticsearch]
2025-09-04 16:29:38 [main] INFO  c.m.d.t.t.k.s.TwitterToKafkaServiceApplication - Hello microservices!
2025-09-04 16:29:38 [main] INFO  c.m.d.t.t.k.s.r.i.MockKafkaStreamRunner - Starting mock filtering twitter streams for keywords [Java, Microservices, Kafka, Elasticsearch]
2025-09-04 16:29:39 [pool-1-thread-1] INFO  c.m.d.t.t.k.s.l.TwitterKafkaStatusListener - Twitter status with text ultricies sit Fusce sit congue Elasticsearch massa magna Fusce adipiscing
2025-09-04 16:29:49 [pool-1-thread-1] INFO  c.m.d.t.t.k.s.l.TwitterKafkaStatusListener - Twitter status with text adipiscing consectetuer libero Java congue purus
2025-09-04 16:29:59 [pool-1-thread-1] INFO  c.m.d.t.t.k.s.l.TwitterKafkaStatusListener - Twitter status with text dolor purus ipsum sit malesuada congue pulvinar Maecenas Elasticsearch pulvinar lectus adipiscing sit Fusce sed
2025-09-04 16:30:09 [pool-1-thread-1] INFO  c.m.d.t.t.k.s.l.TwitterKafkaStatusListener - Twitter status with text pulvinar congue magna pulvinar Java ipsum congue
2025-09-04 16:30:18 [main] INFO  c.m.d.t.t.k.s.TwitterToKafkaServiceApplication - Starting TwitterToKafkaServiceApplication on LDCC-BZ8R3G3 with PID 25732 (D:\Phu\PhuObs\udemy\Event-Driven-Microservices-Spring-Boot,-Kafka-and-Elastic\microservices-demo\twitter-to-kafka-service\target\classes started by Admin in D:\Phu\PhuObs\udemy\Event-Driven-Microservices-Spring-Boot,-Kafka-and-Elastic\microservices-demo)
2025-09-04 16:30:18 [main] INFO  c.m.d.t.t.k.s.TwitterToKafkaServiceApplication - No active profile set, falling back to default profiles: default
2025-09-04 16:30:19 [main] INFO  c.m.d.t.t.k.s.TwitterToKafkaServiceApplication - Started TwitterToKafkaServiceApplication in 0.752 seconds (JVM running for 1.511)
2025-09-04 16:30:19 [main] INFO  c.m.d.t.t.k.s.TwitterToKafkaServiceApplication - App starts...
2025-09-04 16:30:19 [main] INFO  c.m.d.t.t.k.s.TwitterToKafkaServiceApplication - [Java, Microservices, Kafka, Elasticsearch]
2025-09-04 16:30:19 [main] INFO  c.m.d.t.t.k.s.TwitterToKafkaServiceApplication - Hello microservices!
2025-09-04 16:30:19 [main] INFO  c.m.d.t.t.k.s.r.i.MockKafkaStreamRunner - Starting mock filtering twitter streams for keywords [Java, Microservices, Kafka, Elasticsearch]
2025-09-04 16:30:19 [pool-1-thread-1] INFO  c.m.d.t.t.k.s.l.TwitterKafkaStatusListener - Twitter status with text ultricies amet pulvinar Lorem magna Fusce adipiscing Elasticsearch libero amet sit dolor dolor congue
2025-09-04 16:30:20 [pool-1-thread-1] INFO  c.m.d.t.t.k.s.l.TwitterKafkaStatusListener - Twitter status with text posuere magna pulvinar massa amet Maecenas pulvinar lectus Microservices amet consectetuer sit ultricies Fusce Fusce congue
2025-09-04 16:30:21 [pool-1-thread-1] INFO  c.m.d.t.t.k.s.l.TwitterKafkaStatusListener - Twitter status with text posuere posuere sit amet sed consectetuer Maecenas sit Elasticsearch libero posuere congue lectus pulvinar Lorem congue
2025-09-04 16:30:22 [pool-1-thread-1] INFO  c.m.d.t.t.k.s.l.TwitterKafkaStatusListener - Twitter status with text posuere malesuada ipsum sed lectus consectetuer amet Kafka massa sed ipsum sit Lorem malesuada
2025-09-04 16:30:23 [pool-1-thread-1] INFO  c.m.d.t.t.k.s.l.TwitterKafkaStatusListener - Twitter status with text dolor elit porttitor Lorem Java dolor sed
2025-09-04 16:30:24 [pool-1-thread-1] INFO  c.m.d.t.t.k.s.l.TwitterKafkaStatusListener - Twitter status with text libero sed libero consectetuer dolor Microservices lectus congue Fusce consectetuer
2025-09-04 16:30:25 [pool-1-thread-1] INFO  c.m.d.t.t.k.s.l.TwitterKafkaStatusListener - Twitter status with text porttitor porttitor libero consectetuer porttitor sed purus Kafka sit sit massa magna libero ipsum
2025-09-04 16:30:26 [pool-1-thread-1] INFO  c.m.d.t.t.k.s.l.TwitterKafkaStatusListener - Twitter status with text lectus consectetuer consectetuer sed ipsum Maecenas Kafka Fusce massa magna posuere
2025-09-04 16:30:27 [pool-1-thread-1] INFO  c.m.d.t.t.k.s.l.TwitterKafkaStatusListener - Twitter status with text malesuada malesuada purus Maecenas Fusce magna sit dolor Java libero malesuada consectetuer congue adipiscing sed lectus
2025-09-04 16:30:28 [pool-1-thread-1] INFO  c.m.d.t.t.k.s.l.TwitterKafkaStatusListener - Twitter status with text elit malesuada libero malesuada purus Fusce Java Lorem purus magna malesuada ipsum
2025-09-04 16:30:29 [pool-1-thread-1] INFO  c.m.d.t.t.k.s.l.TwitterKafkaStatusListener - Twitter status with text purus Lorem consectetuer sed Maecenas massa Lorem Microservices congue ipsum ipsum Lorem magna Fusce
2025-09-04 16:30:30 [pool-1-thread-1] INFO  c.m.d.t.t.k.s.l.TwitterKafkaStatusListener - Twitter status with text lectus massa consectetuer congue posuere lectus posuere Microservices dolor porttitor adipiscing dolor Lorem ultricies
2025-09-04 16:30:31 [pool-1-thread-1] INFO  c.m.d.t.t.k.s.l.TwitterKafkaStatusListener - Twitter status with text adipiscing consectetuer porttitor sit Java ipsum dolor
2025-09-04 16:30:32 [pool-1-thread-1] INFO  c.m.d.t.t.k.s.l.TwitterKafkaStatusListener - Twitter status with text congue consectetuer sed posuere Lorem adipiscing adipiscing Microservices ultricies sed ipsum elit consectetuer
